-------------------------------------------------------------------------------
Test set: com.trybe.conexaodiscada.ConexaoDiscadaTest
-------------------------------------------------------------------------------
Tests run: 1, Failures: 1, Errors: 0, Skipped: 0, Time elapsed: 0.02 s <<< FAILURE! - in null
com.trybe.conexaodiscada.ConexaoDiscadaTest.mainTest  Time elapsed: 0.011 s  <<< FAILURE!
org.opentest4j.AssertionFailedError: expected: <1> but was: <0>
	at com.trybe.conexaodiscada.ConexaoDiscadaTest.mainTest(ConexaoDiscadaTest.java:37)

